<?xml version="1.0" encoding="UTF-8"?>
<testng-results skipped="0" failed="0" total="2" passed="2">
  <reporter-output>
  </reporter-output>
  <suite name="Default suite" duration-ms="63" started-at="2021-07-04T14:56:48Z" finished-at="2021-07-04T14:56:48Z">
    <groups>
    </groups>
    <test name="Default test" duration-ms="63" started-at="2021-07-04T14:56:48Z" finished-at="2021-07-04T14:56:48Z">
      <class name="com.jbk.Demo1">
        <test-method status="PASS" signature="test01()[pri:0, instance:com.jbk.Demo1@28d25987]" name="test01" duration-ms="31" started-at="2021-07-04T20:26:48Z" finished-at="2021-07-04T20:26:48Z">
          <reporter-output>
          </reporter-output>
        </test-method> <!-- test01 -->
        <test-method status="PASS" signature="test02()[pri:0, instance:com.jbk.Demo1@28d25987]" name="test02" duration-ms="0" started-at="2021-07-04T20:26:48Z" finished-at="2021-07-04T20:26:48Z">
          <reporter-output>
          </reporter-output>
        </test-method> <!-- test02 -->
      </class> <!-- com.jbk.Demo1 -->
    </test> <!-- Default test -->
  </suite> <!-- Default suite -->
</testng-results>
